# JRE version: Java(TM) SE Runtime Environment (8.0_172-b11) (build 1.8.0_172-b11)
# Java VM: Java HotSpot(TM) 64-Bit Server VM (25.172-b11 mixed mode windows-amd64 compressed oops)
Heap:
 par new generation   total 306688K, used 214638K [0x00000000c0000000, 0x00000000d4cc0000, 0x00000000d4cc0000)
  eden space 272640K,  66% used [0x00000000c0000000, 0x00000000cb05bb50, 0x00000000d0a40000)
  from space 34048K, 100% used [0x00000000d0a40000, 0x00000000d2b80000, 0x00000000d2b80000)
  to   space 34048K,   0% used [0x00000000d2b80000, 0x00000000d2b80000, 0x00000000d4cc0000)
 concurrent mark-sweep generation total 707840K, used 226989K [0x00000000d4cc0000, 0x0000000100000000, 0x0000000100000000)
 Metaspace       used 58322K, capacity 59179K, committed 59392K, reserved 1101824K
  class space    used 7418K, capacity 7647K, committed 7680K, reserved 1048576K
GC Heap History (10 events):
Event: 45.302 GC heap before
{Heap before GC invocations=17 (full 10):
 par new generation   total 306688K, used 272640K [0x00000000c0000000, 0x00000000d4cc0000, 0x00000000d4cc0000)
  eden space 272640K, 100% used [0x00000000c0000000, 0x00000000d0a40000, 0x00000000d0a40000)
  from space 34048K,   0% used [0x00000000d0a40000, 0x00000000d0a40000, 0x00000000d2b80000)
  to   space 34048K,   0% used [0x00000000d2b80000, 0x00000000d2b80000, 0x00000000d4cc0000)
 concurrent mark-sweep generation total 707840K, used 151348K [0x00000000d4cc0000, 0x0000000100000000, 0x0000000100000000)
 Metaspace       used 51695K, capacity 52447K, committed 52736K, reserved 1095680K
  class space    used 6665K, capacity 6865K, committed 6912K, reserved 1048576K
Event: 45.334 GC heap after
Heap after GC invocations=18 (full 10):
 par new generation   total 306688K, used 21378K [0x00000000c0000000, 0x00000000d4cc0000, 0x00000000d4cc0000)
  eden space 272640K,   0% used [0x00000000c0000000, 0x00000000c0000000, 0x00000000d0a40000)
  from space 34048K,  62% used [0x00000000d2b80000, 0x00000000d4060a70, 0x00000000d4cc0000)
  to   space 34048K,   0% used [0x00000000d0a40000, 0x00000000d0a40000, 0x00000000d2b80000)
 concurrent mark-sweep generation total 707840K, used 151348K [0x00000000d4cc0000, 0x0000000100000000, 0x0000000100000000)
 Metaspace       used 51695K, capacity 52447K, committed 52736K, reserved 1095680K
  class space    used 6665K, capacity 6865K, committed 6912K, reserved 1048576K
}
Event: 47.818 GC heap before
{Heap before GC invocations=18 (full 10):
 par new generation   total 306688K, used 294018K [0x00000000c0000000, 0x00000000d4cc0000, 0x00000000d4cc0000)
  eden space 272640K, 100% used [0x00000000c0000000, 0x00000000d0a40000, 0x00000000d0a40000)
  from space 34048K,  62% used [0x00000000d2b80000, 0x00000000d4060a70, 0x00000000d4cc0000)
  to   space 34048K,   0% used [0x00000000d0a40000, 0x00000000d0a40000, 0x00000000d2b80000)
 concurrent mark-sweep generation total 707840K, used 147599K [0x00000000d4cc0000, 0x0000000100000000, 0x0000000100000000)
 Metaspace       used 53222K, capacity 53973K, committed 54272K, reserved 1095680K
  class space    used 6849K, capacity 7066K, committed 7168K, reserved 1048576K
Event: 47.858 GC heap after
Heap after GC invocations=19 (full 10):
 par new generation   total 306688K, used 34048K [0x00000000c0000000, 0x00000000d4cc0000, 0x00000000d4cc0000)
  eden space 272640K,   0% used [0x00000000c0000000, 0x00000000c0000000, 0x00000000d0a40000)
  from space 34048K, 100% used [0x00000000d0a40000, 0x00000000d2b80000, 0x00000000d2b80000)
  to   space 34048K,   0% used [0x00000000d2b80000, 0x00000000d2b80000, 0x00000000d4cc0000)
 concurrent mark-sweep generation total 707840K, used 160259K [0x00000000d4cc0000, 0x0000000100000000, 0x0000000100000000)
 Metaspace       used 53222K, capacity 53973K, committed 54272K, reserved 1095680K
  class space    used 6849K, capacity 7066K, committed 7168K, reserved 1048576K
}
Event: 50.760 GC heap before
{Heap before GC invocations=19 (full 10):
 par new generation   total 306688K, used 306688K [0x00000000c0000000, 0x00000000d4cc0000, 0x00000000d4cc0000)
  eden space 272640K, 100% used [0x00000000c0000000, 0x00000000d0a40000, 0x00000000d0a40000)
  from space 34048K, 100% used [0x00000000d0a40000, 0x00000000d2b80000, 0x00000000d2b80000)
  to   space 34048K,   0% used [0x00000000d2b80000, 0x00000000d2b80000, 0x00000000d4cc0000)
 concurrent mark-sweep generation total 707840K, used 160259K [0x00000000d4cc0000, 0x0000000100000000, 0x0000000100000000)
 Metaspace       used 56853K, capacity 57611K, committed 57984K, reserved 1099776K
  class space    used 7301K, capacity 7499K, committed 7552K, reserved 1048576K
Event: 50.841 GC heap after
Heap after GC invocations=20 (full 10):
 par new generation   total 306688K, used 28662K [0x00000000c0000000, 0x00000000d4cc0000, 0x00000000d4cc0000)
  eden space 272640K,   0% used [0x00000000c0000000, 0x00000000c0000000, 0x00000000d0a40000)
  from space 34048K,  84% used [0x00000000d2b80000, 0x00000000d477dbe8, 0x00000000d4cc0000)
  to   space 34048K,   0% used [0x00000000d0a40000, 0x00000000d0a40000, 0x00000000d2b80000)
 concurrent mark-sweep generation total 707840K, used 192503K [0x00000000d4cc0000, 0x0000000100000000, 0x0000000100000000)
 Metaspace       used 56853K, capacity 57611K, committed 57984K, reserved 1099776K
  class space    used 7301K, capacity 7499K, committed 7552K, reserved 1048576K
}
Event: 51.681 GC heap before
{Heap before GC invocations=20 (full 11):
 par new generation   total 306688K, used 103104K [0x00000000c0000000, 0x00000000d4cc0000, 0x00000000d4cc0000)
  eden space 272640K,  27% used [0x00000000c0000000, 0x00000000c48b2680, 0x00000000d0a40000)
  from space 34048K,  84% used [0x00000000d2b80000, 0x00000000d477dbe8, 0x00000000d4cc0000)
  to   space 34048K,   0% used [0x00000000d0a40000, 0x00000000d0a40000, 0x00000000d2b80000)
 concurrent mark-sweep generation total 707840K, used 192503K [0x00000000d4cc0000, 0x0000000100000000, 0x0000000100000000)
 Metaspace       used 57253K, capacity 58059K, committed 58368K, reserved 1099776K
  class space    used 7323K, capacity 7563K, committed 7680K, reserved 1048576K
Event: 52.527 GC heap after
Heap after GC invocations=21 (full 12):
 par new generation   total 306688K, used 0K [0x00000000c0000000, 0x00000000d4cc0000, 0x00000000d4cc0000)
  eden space 272640K,   0% used [0x00000000c0000000, 0x00000000c0000000, 0x00000000d0a40000)
  from space 34048K,   0% used [0x00000000d2b80000, 0x00000000d2b80000, 0x00000000d4cc0000)
  to   space 34048K,   0% used [0x00000000d0a40000, 0x00000000d0a40000, 0x00000000d2b80000)
 concurrent mark-sweep generation total 707840K, used 225997K [0x00000000d4cc0000, 0x0000000100000000, 0x0000000100000000)
 Metaspace       used 57253K, capacity 58059K, committed 58368K, reserved 1099776K
  class space    used 7323K, capacity 7563K, committed 7680K, reserved 1048576K
}
Event: 54.593 GC heap before
{Heap before GC invocations=21 (full 12):
 par new generation   total 306688K, used 265996K [0x00000000c0000000, 0x00000000d4cc0000, 0x00000000d4cc0000)
  eden space 272640K,  97% used [0x00000000c0000000, 0x00000000d03c3390, 0x00000000d0a40000)
  from space 34048K,   0% used [0x00000000d2b80000, 0x00000000d2b80000, 0x00000000d4cc0000)
  to   space 34048K,   0% used [0x00000000d0a40000, 0x00000000d0a40000, 0x00000000d2b80000)
 concurrent mark-sweep generation total 707840K, used 225997K [0x00000000d4cc0000, 0x0000000100000000, 0x0000000100000000)
 Metaspace       used 58177K, capacity 59045K, committed 59392K, reserved 1101824K
  class space    used 7417K, capacity 7646K, committed 7680K, reserved 1048576K
Event: 54.622 GC heap after
Heap after GC invocations=22 (full 12):
 par new generation   total 306688K, used 34048K [0x00000000c0000000, 0x00000000d4cc0000, 0x00000000d4cc0000)
  eden space 272640K,   0% used [0x00000000c0000000, 0x00000000c0000000, 0x00000000d0a40000)
  from space 34048K, 100% used [0x00000000d0a40000, 0x00000000d2b80000, 0x00000000d2b80000)
  to   space 34048K,   0% used [0x00000000d2b80000, 0x00000000d2b80000, 0x00000000d4cc0000)
 concurrent mark-sweep generation total 707840K, used 226989K [0x00000000d4cc0000, 0x0000000100000000, 0x0000000100000000)
 Metaspace       used 58177K, capacity 59045K, committed 59392K, reserved 1101824K
  class space    used 7417K, capacity 7646K, committed 7680K, reserved 1048576K
}

