# JRE version: Java(TM) SE Runtime Environment (8.0_172-b11) (build 1.8.0_172-b11)
# Java VM: Java HotSpot(TM) 64-Bit Server VM (25.172-b11 mixed mode windows-amd64 compressed oops)
Heap:
 par new generation   total 306688K, used 253571K [0x00000000c0000000, 0x00000000d4cc0000, 0x00000000d4cc0000)
  eden space 272640K,  80% used [0x00000000c0000000, 0x00000000cd660da8, 0x00000000d0a40000)
  from space 34048K,  99% used [0x00000000d2b80000, 0x00000000d4cbfff8, 0x00000000d4cc0000)
  to   space 34048K,   0% used [0x00000000d0a40000, 0x00000000d0a40000, 0x00000000d2b80000)
 concurrent mark-sweep generation total 707840K, used 18644K [0x00000000d4cc0000, 0x0000000100000000, 0x0000000100000000)
 Metaspace       used 19306K, capacity 19650K, committed 19712K, reserved 1067008K
  class space    used 2429K, capacity 2554K, committed 2560K, reserved 1048576K
GC Heap History (4 events):
Event: 1.705 GC heap before
{Heap before GC invocations=0 (full 0):
 par new generation   total 306688K, used 87287K [0x00000000c0000000, 0x00000000d4cc0000, 0x00000000d4cc0000)
  eden space 272640K,  32% used [0x00000000c0000000, 0x00000000c553ddb0, 0x00000000d0a40000)
  from space 34048K,   0% used [0x00000000d0a40000, 0x00000000d0a40000, 0x00000000d2b80000)
  to   space 34048K,   0% used [0x00000000d2b80000, 0x00000000d2b80000, 0x00000000d4cc0000)
 concurrent mark-sweep generation total 707840K, used 0K [0x00000000d4cc0000, 0x0000000100000000, 0x0000000100000000)
 Metaspace       used 13017K, capacity 13240K, committed 13568K, reserved 1060864K
  class space    used 1652K, capacity 1691K, committed 1792K, reserved 1048576K
Event: 1.750 GC heap after
Heap after GC invocations=1 (full 1):
 par new generation   total 306688K, used 0K [0x00000000c0000000, 0x00000000d4cc0000, 0x00000000d4cc0000)
  eden space 272640K,   0% used [0x00000000c0000000, 0x00000000c0000000, 0x00000000d0a40000)
  from space 34048K,   0% used [0x00000000d0a40000, 0x00000000d0a40000, 0x00000000d2b80000)
  to   space 34048K,   0% used [0x00000000d2b80000, 0x00000000d2b80000, 0x00000000d4cc0000)
 concurrent mark-sweep generation total 707840K, used 8596K [0x00000000d4cc0000, 0x0000000100000000, 0x0000000100000000)
 Metaspace       used 13017K, capacity 13240K, committed 13568K, reserved 1060864K
  class space    used 1652K, capacity 1691K, committed 1792K, reserved 1048576K
}
Event: 5.460 GC heap before
{Heap before GC invocations=1 (full 2):
 par new generation   total 306688K, used 272640K [0x00000000c0000000, 0x00000000d4cc0000, 0x00000000d4cc0000)
  eden space 272640K, 100% used [0x00000000c0000000, 0x00000000d0a40000, 0x00000000d0a40000)
  from space 34048K,   0% used [0x00000000d0a40000, 0x00000000d0a40000, 0x00000000d2b80000)
  to   space 34048K,   0% used [0x00000000d2b80000, 0x00000000d2b80000, 0x00000000d4cc0000)
 concurrent mark-sweep generation total 707840K, used 8596K [0x00000000d4cc0000, 0x0000000100000000, 0x0000000100000000)
 Metaspace       used 17655K, capacity 17954K, committed 18304K, reserved 1064960K
  class space    used 2247K, capacity 2330K, committed 2432K, reserved 1048576K
Event: 5.513 GC heap after
Heap after GC invocations=2 (full 2):
 par new generation   total 306688K, used 34047K [0x00000000c0000000, 0x00000000d4cc0000, 0x00000000d4cc0000)
  eden space 272640K,   0% used [0x00000000c0000000, 0x00000000c0000000, 0x00000000d0a40000)
  from space 34048K,  99% used [0x00000000d2b80000, 0x00000000d4cbfff8, 0x00000000d4cc0000)
  to   space 34048K,   0% used [0x00000000d0a40000, 0x00000000d0a40000, 0x00000000d2b80000)
 concurrent mark-sweep generation total 707840K, used 24075K [0x00000000d4cc0000, 0x0000000100000000, 0x0000000100000000)
 Metaspace       used 17655K, capacity 17954K, committed 18304K, reserved 1064960K
  class space    used 2247K, capacity 2330K, committed 2432K, reserved 1048576K
}

