# JRE version: Java(TM) SE Runtime Environment (8.0_172-b11) (build 1.8.0_172-b11)
# Java VM: Java HotSpot(TM) 64-Bit Server VM (25.172-b11 mixed mode windows-amd64 compressed oops)
Heap:
 par new generation   total 306688K, used 150615K [0x00000000c0000000, 0x00000000d4cc0000, 0x00000000d4cc0000)
  eden space 272640K,  53% used [0x00000000c0000000, 0x00000000c8db48c8, 0x00000000d0a40000)
  from space 34048K,  16% used [0x00000000d2b80000, 0x00000000d30e14f8, 0x00000000d4cc0000)
  to   space 34048K,   0% used [0x00000000d0a40000, 0x00000000d0a40000, 0x00000000d2b80000)
 concurrent mark-sweep generation total 707840K, used 260371K [0x00000000d4cc0000, 0x0000000100000000, 0x0000000100000000)
 Metaspace       used 59531K, capacity 60453K, committed 60800K, reserved 1101824K
  class space    used 7468K, capacity 7710K, committed 7808K, reserved 1048576K
GC Heap History (10 events):
Event: 110.732 GC heap before
{Heap before GC invocations=20 (full 10):
 par new generation   total 306688K, used 114279K [0x00000000c0000000, 0x00000000d4cc0000, 0x00000000d4cc0000)
  eden space 272640K,  31% used [0x00000000c0000000, 0x00000000c534e590, 0x00000000d0a40000)
  from space 34048K,  85% used [0x00000000d2b80000, 0x00000000d47cb670, 0x00000000d4cc0000)
  to   space 34048K,   0% used [0x00000000d0a40000, 0x00000000d0a40000, 0x00000000d2b80000)
 concurrent mark-sweep generation total 707840K, used 197804K [0x00000000d4cc0000, 0x0000000100000000, 0x0000000100000000)
 Metaspace       used 57541K, capacity 58411K, committed 58880K, reserved 1099776K
  class space    used 7337K, capacity 7595K, committed 7680K, reserved 1048576K
Event: 111.650 GC heap after
Heap after GC invocations=21 (full 11):
 par new generation   total 306688K, used 0K [0x00000000c0000000, 0x00000000d4cc0000, 0x00000000d4cc0000)
  eden space 272640K,   0% used [0x00000000c0000000, 0x00000000c0000000, 0x00000000d0a40000)
  from space 34048K,   0% used [0x00000000d2b80000, 0x00000000d2b80000, 0x00000000d4cc0000)
  to   space 34048K,   0% used [0x00000000d0a40000, 0x00000000d0a40000, 0x00000000d2b80000)
 concurrent mark-sweep generation total 707840K, used 224892K [0x00000000d4cc0000, 0x0000000100000000, 0x0000000100000000)
 Metaspace       used 57541K, capacity 58411K, committed 58880K, reserved 1099776K
  class space    used 7337K, capacity 7595K, committed 7680K, reserved 1048576K
}
Event: 116.643 GC heap before
{Heap before GC invocations=21 (full 12):
 par new generation   total 306688K, used 272640K [0x00000000c0000000, 0x00000000d4cc0000, 0x00000000d4cc0000)
  eden space 272640K, 100% used [0x00000000c0000000, 0x00000000d0a40000, 0x00000000d0a40000)
  from space 34048K,   0% used [0x00000000d2b80000, 0x00000000d2b80000, 0x00000000d4cc0000)
  to   space 34048K,   0% used [0x00000000d0a40000, 0x00000000d0a40000, 0x00000000d2b80000)
 concurrent mark-sweep generation total 707840K, used 224892K [0x00000000d4cc0000, 0x0000000100000000, 0x0000000100000000)
 Metaspace       used 58438K, capacity 59333K, committed 59648K, reserved 1101824K
  class space    used 7427K, capacity 7678K, committed 7680K, reserved 1048576K
Event: 116.680 GC heap after
Heap after GC invocations=22 (full 12):
 par new generation   total 306688K, used 34048K [0x00000000c0000000, 0x00000000d4cc0000, 0x00000000d4cc0000)
  eden space 272640K,   0% used [0x00000000c0000000, 0x00000000c0000000, 0x00000000d0a40000)
  from space 34048K, 100% used [0x00000000d0a40000, 0x00000000d2b80000, 0x00000000d2b80000)
  to   space 34048K,   0% used [0x00000000d2b80000, 0x00000000d2b80000, 0x00000000d4cc0000)
 concurrent mark-sweep generation total 707840K, used 226597K [0x00000000d4cc0000, 0x0000000100000000, 0x0000000100000000)
 Metaspace       used 58438K, capacity 59333K, committed 59648K, reserved 1101824K
  class space    used 7427K, capacity 7678K, committed 7680K, reserved 1048576K
}
Event: 120.813 GC heap before
{Heap before GC invocations=22 (full 12):
 par new generation   total 306688K, used 306688K [0x00000000c0000000, 0x00000000d4cc0000, 0x00000000d4cc0000)
  eden space 272640K, 100% used [0x00000000c0000000, 0x00000000d0a40000, 0x00000000d0a40000)
  from space 34048K, 100% used [0x00000000d0a40000, 0x00000000d2b80000, 0x00000000d2b80000)
  to   space 34048K,   0% used [0x00000000d2b80000, 0x00000000d2b80000, 0x00000000d4cc0000)
 concurrent mark-sweep generation total 707840K, used 226597K [0x00000000d4cc0000, 0x0000000100000000, 0x0000000100000000)
 Metaspace       used 58742K, capacity 59653K, committed 59904K, reserved 1101824K
  class space    used 7428K, capacity 7678K, committed 7680K, reserved 1048576K
Event: 120.902 GC heap after
Heap after GC invocations=23 (full 12):
 par new generation   total 306688K, used 27243K [0x00000000c0000000, 0x00000000d4cc0000, 0x00000000d4cc0000)
  eden space 272640K,   0% used [0x00000000c0000000, 0x00000000c0000000, 0x00000000d0a40000)
  from space 34048K,  80% used [0x00000000d2b80000, 0x00000000d461af88, 0x00000000d4cc0000)
  to   space 34048K,   0% used [0x00000000d0a40000, 0x00000000d0a40000, 0x00000000d2b80000)
 concurrent mark-sweep generation total 707840K, used 261845K [0x00000000d4cc0000, 0x0000000100000000, 0x0000000100000000)
 Metaspace       used 58742K, capacity 59653K, committed 59904K, reserved 1101824K
  class space    used 7428K, capacity 7678K, committed 7680K, reserved 1048576K
}
Event: 124.766 GC heap before
{Heap before GC invocations=23 (full 12):
 par new generation   total 306688K, used 299883K [0x00000000c0000000, 0x00000000d4cc0000, 0x00000000d4cc0000)
  eden space 272640K, 100% used [0x00000000c0000000, 0x00000000d0a40000, 0x00000000d0a40000)
  from space 34048K,  80% used [0x00000000d2b80000, 0x00000000d461af88, 0x00000000d4cc0000)
  to   space 34048K,   0% used [0x00000000d0a40000, 0x00000000d0a40000, 0x00000000d2b80000)
 concurrent mark-sweep generation total 707840K, used 260371K [0x00000000d4cc0000, 0x0000000100000000, 0x0000000100000000)
 Metaspace       used 58849K, capacity 59781K, committed 60160K, reserved 1101824K
  class space    used 7428K, capacity 7678K, committed 7680K, reserved 1048576K
Event: 124.772 GC heap after
Heap after GC invocations=24 (full 12):
 par new generation   total 306688K, used 7014K [0x00000000c0000000, 0x00000000d4cc0000, 0x00000000d4cc0000)
  eden space 272640K,   0% used [0x00000000c0000000, 0x00000000c0000000, 0x00000000d0a40000)
  from space 34048K,  20% used [0x00000000d0a40000, 0x00000000d1119930, 0x00000000d2b80000)
  to   space 34048K,   0% used [0x00000000d2b80000, 0x00000000d2b80000, 0x00000000d4cc0000)
 concurrent mark-sweep generation total 707840K, used 260371K [0x00000000d4cc0000, 0x0000000100000000, 0x0000000100000000)
 Metaspace       used 58849K, capacity 59781K, committed 60160K, reserved 1101824K
  class space    used 7428K, capacity 7678K, committed 7680K, reserved 1048576K
}
Event: 160.670 GC heap before
{Heap before GC invocations=24 (full 13):
 par new generation   total 306688K, used 279654K [0x00000000c0000000, 0x00000000d4cc0000, 0x00000000d4cc0000)
  eden space 272640K, 100% used [0x00000000c0000000, 0x00000000d0a40000, 0x00000000d0a40000)
  from space 34048K,  20% used [0x00000000d0a40000, 0x00000000d1119930, 0x00000000d2b80000)
  to   space 34048K,   0% used [0x00000000d2b80000, 0x00000000d2b80000, 0x00000000d4cc0000)
 concurrent mark-sweep generation total 707840K, used 260371K [0x00000000d4cc0000, 0x0000000100000000, 0x0000000100000000)
 Metaspace       used 59113K, capacity 60037K, committed 60416K, reserved 1101824K
  class space    used 7432K, capacity 7678K, committed 7680K, reserved 1048576K
Event: 160.678 GC heap after
Heap after GC invocations=25 (full 13):
 par new generation   total 306688K, used 5509K [0x00000000c0000000, 0x00000000d4cc0000, 0x00000000d4cc0000)
  eden space 272640K,   0% used [0x00000000c0000000, 0x00000000c0000000, 0x00000000d0a40000)
  from space 34048K,  16% used [0x00000000d2b80000, 0x00000000d30e14f8, 0x00000000d4cc0000)
  to   space 34048K,   0% used [0x00000000d0a40000, 0x00000000d0a40000, 0x00000000d2b80000)
 concurrent mark-sweep generation total 707840K, used 260371K [0x00000000d4cc0000, 0x0000000100000000, 0x0000000100000000)
 Metaspace       used 59113K, capacity 60037K, committed 60416K, reserved 1101824K
  class space    used 7432K, capacity 7678K, committed 7680K, reserved 1048576K
}

