# JRE version: Java(TM) SE Runtime Environment (8.0_172-b11) (build 1.8.0_172-b11)
# Java VM: Java HotSpot(TM) 64-Bit Server VM (25.172-b11 mixed mode windows-amd64 compressed oops)
Heap:
 par new generation   total 306688K, used 101827K [0x00000000c0000000, 0x00000000d4cc0000, 0x00000000d4cc0000)
  eden space 272640K,  24% used [0x00000000c0000000, 0x00000000c4230cb8, 0x00000000d0a40000)
  from space 34048K, 100% used [0x00000000d2b80000, 0x00000000d4cc0000, 0x00000000d4cc0000)
  to   space 34048K,   0% used [0x00000000d0a40000, 0x00000000d0a40000, 0x00000000d2b80000)
 concurrent mark-sweep generation total 707840K, used 193268K [0x00000000d4cc0000, 0x0000000100000000, 0x0000000100000000)
 Metaspace       used 57319K, capacity 58155K, committed 58624K, reserved 1099776K
  class space    used 7339K, capacity 7595K, committed 7680K, reserved 1048576K
GC Heap History (10 events):
Event: 44.020 GC heap after
Heap after GC invocations=16 (full 8):
 par new generation   total 306688K, used 0K [0x00000000c0000000, 0x00000000d4cc0000, 0x00000000d4cc0000)
  eden space 272640K,   0% used [0x00000000c0000000, 0x00000000c0000000, 0x00000000d0a40000)
  from space 34048K,   0% used [0x00000000d0a40000, 0x00000000d0a40000, 0x00000000d2b80000)
  to   space 34048K,   0% used [0x00000000d2b80000, 0x00000000d2b80000, 0x00000000d4cc0000)
 concurrent mark-sweep generation total 707840K, used 151373K [0x00000000d4cc0000, 0x0000000100000000, 0x0000000100000000)
 Metaspace       used 49135K, capacity 49759K, committed 50176K, reserved 1093632K
  class space    used 6365K, capacity 6563K, committed 6656K, reserved 1048576K
}
Event: 44.020 GC heap before
{Heap before GC invocations=16 (full 8):
 par new generation   total 306688K, used 908K [0x00000000c0000000, 0x00000000d4cc0000, 0x00000000d4cc0000)
  eden space 272640K,   0% used [0x00000000c0000000, 0x00000000c00e3348, 0x00000000d0a40000)
  from space 34048K,   0% used [0x00000000d0a40000, 0x00000000d0a40000, 0x00000000d2b80000)
  to   space 34048K,   0% used [0x00000000d2b80000, 0x00000000d2b80000, 0x00000000d4cc0000)
 concurrent mark-sweep generation total 707840K, used 151373K [0x00000000d4cc0000, 0x0000000100000000, 0x0000000100000000)
 Metaspace       used 49135K, capacity 49759K, committed 50176K, reserved 1093632K
  class space    used 6365K, capacity 6563K, committed 6656K, reserved 1048576K
Event: 44.468 GC heap after
Heap after GC invocations=17 (full 9):
 par new generation   total 306688K, used 0K [0x00000000c0000000, 0x00000000d4cc0000, 0x00000000d4cc0000)
  eden space 272640K,   0% used [0x00000000c0000000, 0x00000000c0000000, 0x00000000d0a40000)
  from space 34048K,   0% used [0x00000000d0a40000, 0x00000000d0a40000, 0x00000000d2b80000)
  to   space 34048K,   0% used [0x00000000d2b80000, 0x00000000d2b80000, 0x00000000d4cc0000)
 concurrent mark-sweep generation total 707840K, used 151373K [0x00000000d4cc0000, 0x0000000100000000, 0x0000000100000000)
 Metaspace       used 49135K, capacity 49759K, committed 50176K, reserved 1093632K
  class space    used 6365K, capacity 6563K, committed 6656K, reserved 1048576K
}
Event: 46.866 GC heap before
{Heap before GC invocations=17 (full 10):
 par new generation   total 306688K, used 272640K [0x00000000c0000000, 0x00000000d4cc0000, 0x00000000d4cc0000)
  eden space 272640K, 100% used [0x00000000c0000000, 0x00000000d0a40000, 0x00000000d0a40000)
  from space 34048K,   0% used [0x00000000d0a40000, 0x00000000d0a40000, 0x00000000d2b80000)
  to   space 34048K,   0% used [0x00000000d2b80000, 0x00000000d2b80000, 0x00000000d4cc0000)
 concurrent mark-sweep generation total 707840K, used 151373K [0x00000000d4cc0000, 0x0000000100000000, 0x0000000100000000)
 Metaspace       used 51737K, capacity 52511K, committed 52736K, reserved 1095680K
  class space    used 6681K, capacity 6865K, committed 6912K, reserved 1048576K
Event: 46.903 GC heap after
Heap after GC invocations=18 (full 10):
 par new generation   total 306688K, used 21854K [0x00000000c0000000, 0x00000000d4cc0000, 0x00000000d4cc0000)
  eden space 272640K,   0% used [0x00000000c0000000, 0x00000000c0000000, 0x00000000d0a40000)
  from space 34048K,  64% used [0x00000000d2b80000, 0x00000000d40d78c8, 0x00000000d4cc0000)
  to   space 34048K,   0% used [0x00000000d0a40000, 0x00000000d0a40000, 0x00000000d2b80000)
 concurrent mark-sweep generation total 707840K, used 151373K [0x00000000d4cc0000, 0x0000000100000000, 0x0000000100000000)
 Metaspace       used 51737K, capacity 52511K, committed 52736K, reserved 1095680K
  class space    used 6681K, capacity 6865K, committed 6912K, reserved 1048576K
}
Event: 49.663 GC heap before
{Heap before GC invocations=18 (full 10):
 par new generation   total 306688K, used 294494K [0x00000000c0000000, 0x00000000d4cc0000, 0x00000000d4cc0000)
  eden space 272640K, 100% used [0x00000000c0000000, 0x00000000d0a40000, 0x00000000d0a40000)
  from space 34048K,  64% used [0x00000000d2b80000, 0x00000000d40d78c8, 0x00000000d4cc0000)
  to   space 34048K,   0% used [0x00000000d0a40000, 0x00000000d0a40000, 0x00000000d2b80000)
 concurrent mark-sweep generation total 707840K, used 147529K [0x00000000d4cc0000, 0x0000000100000000, 0x0000000100000000)
 Metaspace       used 53507K, capacity 54211K, committed 54528K, reserved 1097728K
  class space    used 6893K, capacity 7101K, committed 7168K, reserved 1048576K
Event: 49.708 GC heap after
Heap after GC invocations=19 (full 10):
 par new generation   total 306688K, used 34048K [0x00000000c0000000, 0x00000000d4cc0000, 0x00000000d4cc0000)
  eden space 272640K,   0% used [0x00000000c0000000, 0x00000000c0000000, 0x00000000d0a40000)
  from space 34048K, 100% used [0x00000000d0a40000, 0x00000000d2b80000, 0x00000000d2b80000)
  to   space 34048K,   0% used [0x00000000d2b80000, 0x00000000d2b80000, 0x00000000d4cc0000)
 concurrent mark-sweep generation total 707840K, used 161127K [0x00000000d4cc0000, 0x0000000100000000, 0x0000000100000000)
 Metaspace       used 53507K, capacity 54211K, committed 54528K, reserved 1097728K
  class space    used 6893K, capacity 7101K, committed 7168K, reserved 1048576K
}
Event: 52.545 GC heap before
{Heap before GC invocations=19 (full 11):
 par new generation   total 306688K, used 306688K [0x00000000c0000000, 0x00000000d4cc0000, 0x00000000d4cc0000)
  eden space 272640K, 100% used [0x00000000c0000000, 0x00000000d0a40000, 0x00000000d0a40000)
  from space 34048K, 100% used [0x00000000d0a40000, 0x00000000d2b80000, 0x00000000d2b80000)
  to   space 34048K,   0% used [0x00000000d2b80000, 0x00000000d2b80000, 0x00000000d4cc0000)
 concurrent mark-sweep generation total 707840K, used 161127K [0x00000000d4cc0000, 0x0000000100000000, 0x0000000100000000)
 Metaspace       used 56916K, capacity 57675K, committed 58112K, reserved 1099776K
  class space    used 7317K, capacity 7563K, committed 7680K, reserved 1048576K
Event: 52.627 GC heap after
Heap after GC invocations=20 (full 11):
 par new generation   total 306688K, used 34048K [0x00000000c0000000, 0x00000000d4cc0000, 0x00000000d4cc0000)
  eden space 272640K,   0% used [0x00000000c0000000, 0x00000000c0000000, 0x00000000d0a40000)
  from space 34048K, 100% used [0x00000000d2b80000, 0x00000000d4cc0000, 0x00000000d4cc0000)
  to   space 34048K,   0% used [0x00000000d0a40000, 0x00000000d0a40000, 0x00000000d2b80000)
 concurrent mark-sweep generation total 707840K, used 193268K [0x00000000d4cc0000, 0x0000000100000000, 0x0000000100000000)
 Metaspace       used 56916K, capacity 57675K, committed 58112K, reserved 1099776K
  class space    used 7317K, capacity 7563K, committed 7680K, reserved 1048576K
}
Event: 53.658 GC heap before
{Heap before GC invocations=20 (full 11):
 par new generation   total 306688K, used 101827K [0x00000000c0000000, 0x00000000d4cc0000, 0x00000000d4cc0000)
  eden space 272640K,  24% used [0x00000000c0000000, 0x00000000c4230cb8, 0x00000000d0a40000)
  from space 34048K, 100% used [0x00000000d2b80000, 0x00000000d4cc0000, 0x00000000d4cc0000)
  to   space 34048K,   0% used [0x00000000d0a40000, 0x00000000d0a40000, 0x00000000d2b80000)
 concurrent mark-sweep generation total 707840K, used 193268K [0x00000000d4cc0000, 0x0000000100000000, 0x0000000100000000)
 Metaspace       used 57319K, capacity 58155K, committed 58624K, reserved 1099776K
  class space    used 7339K, capacity 7595K, committed 7680K, reserved 1048576K

